<?xml version="1.0" encoding="UTF-8"?>
<!-- Generated by org.testng.reporters.JUnitReportReporter -->
<testsuite hostname="LAPTOP-MB7DGVQG" failures="0" tests="1" name="stc.com.sltest.NewTest" time="5.719" errors="0" timestamp="2023-09-18T22:12:40 IST" skipped="0">
  <testcase classname="stc.com.sltest.NewTest" name="f" time="5.719"/>
  <system-out/>
</testsuite> <!-- stc.com.sltest.NewTest -->
